
> forgefit@0.1.0 build
> next build

▲ Next.js 16.2.9 (Turbopack)
- Environments: .env.local

⚠ The "middleware" file convention is deprecated. Please use "proxy" instead. Learn more: https://nextjs.org/docs/messages/middleware-to-proxy
  Creating an optimized production build ...
✓ Compiled successfully in 11.7s
  Running TypeScript ...
  Finished TypeScript in 3.0s ...
  Collecting page data using 12 workers ...
  Generating static pages using 12 workers (0/11) ...
  Generating static pages using 12 workers (2/11) 
  Generating static pages using 12 workers (5/11) 
  Generating static pages using 12 workers (8/11) 
✓ Generating static pages using 12 workers (11/11) in 673ms
  Finalizing page optimization ...

Route (app)
┌ ○ /
├ ○ /_not-found
├ ƒ /auth/callback
├ ƒ /dashboard
├ ƒ /history
├ ○ /login
├ ƒ /profile
├ ƒ /progress
├ ƒ /weight
└ ○ /workouts


ƒ Proxy (Middleware)

○  (Static)   prerendered as static content
ƒ  (Dynamic)  server-rendered on demand

